app/build/intermediates/manifest_merge_blame_file/release/processReleaseMainManifest/manifest-merger-blame-release-report.txt
1<?xml version="1.0" encoding="utf-8"?>
2<manifest xmlns:android="http://schemas.android.com/apk/res/android"
3    package="com.example.tariindonesia"
4    android:versionCode="1"
5    android:versionName="1.0" >
6
7    <uses-sdk
8        android:minSdkVersion="24"
9        android:targetSdkVersion="34" />
10
11    <uses-permission android:name="android.permission.INTERNET" />
11-->src\main\AndroidManifest.xml:6:5-67
11-->src\main\AndroidManifest.xml:6:22-64
12
13    <permission
13-->[androidx.core:core:1.13.1] AndroidManifest.xml:22:5-24:47
14        android:name="com.example.tariindonesia.DYNAMIC_RECEIVER_NOT_EXPORTED_PERMISSION"
14-->[androidx.core:core:1.13.1] AndroidManifest.xml:23:9-81
15        android:protectionLevel="signature" />
15-->[androidx.core:core:1.13.1] AndroidManifest.xml:24:9-44
16
17    <uses-permission android:name="com.example.tariindonesia.DYNAMIC_RECEIVER_NOT_EXPORTED_PERMISSION" />
17-->[androidx.core:core:1.13.1] AndroidManifest.xml:26:5-97
17-->[androidx.core:core:1.13.1] AndroidManifest.xml:26:22-94
18
19    <application
19-->src\main\AndroidManifest.xml:8:5-33:19
20        android:allowBackup="true"
20-->src\main\AndroidManifest.xml:9:9-35
21        android:appComponentFactory="androidx.core.app.CoreComponentFactory"
21-->[androidx.core:core:1.13.1] AndroidManifest.xml:28:18-86
22        android:dataExtractionRules="@xml/data_extraction_rules"
22-->src\main\AndroidManifest.xml:10:9-65
23        android:extractNativeLibs="false"
24        android:fullBackupContent="@xml/backup_rules"
24-->src\main\AndroidManifest.xml:11:9-54
25        android:icon="@mipmap/ic_launcher"
25-->src\main\AndroidManifest.xml:12:9-43
26        android:label="@string/app_name"
26-->src\main\AndroidManifest.xml:13:9-41
27        android:roundIcon="@mipmap/ic_launcher_round"
27-->src\main\AndroidManifest.xml:14:9-54
28        android:supportsRtl="true"
28-->src\main\AndroidManifest.xml:15:9-35
29        android:theme="@style/Theme.TariIndonesia" >
29-->src\main\AndroidManifest.xml:16:9-51
30        <activity
30-->src\main\AndroidManifest.xml:19:9-26:20
31            android:name="com.example.tariindonesia.MainActivity"
31-->src\main\AndroidManifest.xml:20:13-41
32            android:exported="true" >
32-->src\main\AndroidManifest.xml:21:13-36
33            <intent-filter>
33-->src\main\AndroidManifest.xml:22:13-25:29
34                <action android:name="android.intent.action.MAIN" />
34-->src\main\AndroidManifest.xml:23:17-69
34-->src\main\AndroidManifest.xml:23:25-66
35
36                <category android:name="android.intent.category.LAUNCHER" />
36-->src\main\AndroidManifest.xml:24:17-77
36-->src\main\AndroidManifest.xml:24:27-74
37            </intent-filter>
38        </activity>
39
40        <!-- Tambahkan aktivitas about_activity_main di sini -->
41        <activity android:name="com.example.tariindonesia.DetailActivity" />
41-->src\main\AndroidManifest.xml:29:9-52
41-->src\main\AndroidManifest.xml:29:19-49
42        <activity android:name="com.example.tariindonesia.AboutActivity" />
42-->src\main\AndroidManifest.xml:30:9-51
42-->src\main\AndroidManifest.xml:30:19-48
43
44        <provider
44-->[androidx.emoji2:emoji2:1.3.0] AndroidManifest.xml:24:9-32:20
45            android:name="androidx.startup.InitializationProvider"
45-->[androidx.emoji2:emoji2:1.3.0] AndroidManifest.xml:25:13-67
46            android:authorities="com.example.tariindonesia.androidx-startup"
46-->[androidx.emoji2:emoji2:1.3.0] AndroidManifest.xml:26:13-68
47            android:exported="false" >
47-->[androidx.emoji2:emoji2:1.3.0] AndroidManifest.xml:27:13-37
48            <meta-data
48-->[androidx.emoji2:emoji2:1.3.0] AndroidManifest.xml:29:13-31:52
49                android:name="androidx.emoji2.text.EmojiCompatInitializer"
49-->[androidx.emoji2:emoji2:1.3.0] AndroidManifest.xml:30:17-75
50                android:value="androidx.startup" />
50-->[androidx.emoji2:emoji2:1.3.0] AndroidManifest.xml:31:17-49
51            <meta-data
51-->[androidx.lifecycle:lifecycle-process:2.6.2] AndroidManifest.xml:29:13-31:52
52                android:name="androidx.lifecycle.ProcessLifecycleInitializer"
52-->[androidx.lifecycle:lifecycle-process:2.6.2] AndroidManifest.xml:30:17-78
53                android:value="androidx.startup" />
53-->[androidx.lifecycle:lifecycle-process:2.6.2] AndroidManifest.xml:31:17-49
54            <meta-data
54-->[androidx.profileinstaller:profileinstaller:1.3.1] AndroidManifest.xml:29:13-31:52
55                android:name="androidx.profileinstaller.ProfileInstallerInitializer"
55-->[androidx.profileinstaller:profileinstaller:1.3.1] AndroidManifest.xml:30:17-85
56                android:value="androidx.startup" />
56-->[androidx.profileinstaller:profileinstaller:1.3.1] AndroidManifest.xml:31:17-49
57        </provider>
58
59        <receiver
59-->[androidx.profileinstaller:profileinstaller:1.3.1] AndroidManifest.xml:34:9-52:20
60            android:name="androidx.profileinstaller.ProfileInstallReceiver"
60-->[androidx.profileinstaller:profileinstaller:1.3.1] AndroidManifest.xml:35:13-76
61            android:directBootAware="false"
61-->[androidx.profileinstaller:profileinstaller:1.3.1] AndroidManifest.xml:36:13-44
62            android:enabled="true"
62-->[androidx.profileinstaller:profileinstaller:1.3.1] AndroidManifest.xml:37:13-35
63            android:exported="true"
63-->[androidx.profileinstaller:profileinstaller:1.3.1] AndroidManifest.xml:38:13-36
64            android:permission="android.permission.DUMP" >
64-->[androidx.profileinstaller:profileinstaller:1.3.1] AndroidManifest.xml:39:13-57
65            <intent-filter>
65-->[androidx.profileinstaller:profileinstaller:1.3.1] AndroidManifest.xml:40:13-42:29
66                <action android:name="androidx.profileinstaller.action.INSTALL_PROFILE" />
66-->[androidx.profileinstaller:profileinstaller:1.3.1] AndroidManifest.xml:41:17-91
66-->[androidx.profileinstaller:profileinstaller:1.3.1] AndroidManifest.xml:41:25-88
67            </intent-filter>
68            <intent-filter>
68-->[androidx.profileinstaller:profileinstaller:1.3.1] AndroidManifest.xml:43:13-45:29
69                <action android:name="androidx.profileinstaller.action.SKIP_FILE" />
69-->[androidx.profileinstaller:profileinstaller:1.3.1] AndroidManifest.xml:44:17-85
69-->[androidx.profileinstaller:profileinstaller:1.3.1] AndroidManifest.xml:44:25-82
70            </intent-filter>
71            <intent-filter>
71-->[androidx.profileinstaller:profileinstaller:1.3.1] AndroidManifest.xml:46:13-48:29
72                <action android:name="androidx.profileinstaller.action.SAVE_PROFILE" />
72-->[androidx.profileinstaller:profileinstaller:1.3.1] AndroidManifest.xml:47:17-88
72-->[androidx.profileinstaller:profileinstaller:1.3.1] AndroidManifest.xml:47:25-85
73            </intent-filter>
74            <intent-filter>
74-->[androidx.profileinstaller:profileinstaller:1.3.1] AndroidManifest.xml:49:13-51:29
75                <action android:name="androidx.profileinstaller.action.BENCHMARK_OPERATION" />
75-->[androidx.profileinstaller:profileinstaller:1.3.1] AndroidManifest.xml:50:17-95
75-->[androidx.profileinstaller:profileinstaller:1.3.1] AndroidManifest.xml:50:25-92
76            </intent-filter>
77        </receiver>
78    </application>
79
80</manifest>